<?xml version="1.0" encoding="UTF-8"?>
<!-- Generated by org.testng.reporters.JUnitXMLReporter -->
<testsuite ignored="0" hostname="FleetStudio-21" failures="0" tests="3" name="Test" time="30.286" errors="0" timestamp="2023-03-21T16:47:00 IST">
  <testcase classname="fleetwally.wally.LoginValidation" name="LoginApplication" time="5.417"/>
  <testcase classname="fleetwally.wally.LoginValidation" name="logout" time="8.624"/>
  <testcase classname="fleetwally.wally.LoginValidation" name="singupApplication" time="16.143"/>
</testsuite> <!-- Test -->
