<?xml version="1.0" encoding="UTF-8"?>
<!-- Generated by org.testng.reporters.JUnitXMLReporter -->
<testsuite ignored="4" hostname="FleetStudio-21" failures="0" tests="3" name="Default test" time="30.113" errors="0" timestamp="2023-03-24T19:11:53 IST">
  <testcase classname="fleetwally.wally.LoginValidation" name="LoginApplication" time="5.432"/>
  <testcase classname="fleetwally.wally.LoginValidation" name="logout" time="9.385"/>
  <testcase classname="fleetwally.wally.LoginValidation" name="singupApplication" time="15.194"/>
  <testcase classname="fleetwally.wally.testclass.BaseTestClass" name="@AfterSuite closeBrowser" time="0.0">
    <ignored/>
  </testcase> <!-- @AfterSuite closeBrowser -->
  <testcase classname="fleetwally.wally.testclass.BaseTestClass" name="@AfterSuite closeBrowser" time="0.0">
    <ignored/>
  </testcase> <!-- @AfterSuite closeBrowser -->
  <testcase classname="fleetwally.wally.testclass.BaseTestClass" name="@BeforeSuite initalizeDriver" time="0.0">
    <ignored/>
  </testcase> <!-- @BeforeSuite initalizeDriver -->
  <testcase classname="fleetwally.wally.testclass.BaseTestClass" name="@BeforeSuite initalizeDriver" time="0.0">
    <ignored/>
  </testcase> <!-- @BeforeSuite initalizeDriver -->
</testsuite> <!-- Default test -->
