<?xml version="1.0" encoding="UTF-8"?>
<testng-results ignored="0" total="5" passed="5" failed="0" skipped="0">
  <reporter-output>
  </reporter-output>
  <suite started-at="2023-03-30T11:01:19 IST" name="Default suite" finished-at="2023-03-30T11:01:24 IST" duration-ms="4654">
    <groups>
    </groups>
    <test started-at="2023-03-30T11:01:19 IST" name="Default test" finished-at="2023-03-30T11:01:24 IST" duration-ms="4654">
      <class name="fleetwally.wally.ForgetPasswordValidation">
        <test-method is-config="true" signature="initializeDriver()[pri:0, instance:fleetwally.wally.ForgetPasswordValidation@478190fc]" started-at="2023-03-30T11:01:13 IST" name="initializeDriver" finished-at="2023-03-30T11:01:19 IST" duration-ms="6169" status="PASS">
          <reporter-output>
          </reporter-output>
        </test-method> <!-- initializeDriver -->
        <test-method is-config="true" signature="createobject()[pri:0, instance:fleetwally.wally.ForgetPasswordValidation@478190fc]" started-at="2023-03-30T11:01:19 IST" name="createobject" finished-at="2023-03-30T11:01:19 IST" duration-ms="121" status="PASS">
          <reporter-output>
          </reporter-output>
        </test-method> <!-- createobject -->
        <test-method signature="launch()[pri:0, instance:fleetwally.wally.ForgetPasswordValidation@478190fc]" started-at="2023-03-30T11:01:19 IST" name="launch" finished-at="2023-03-30T11:01:20 IST" duration-ms="173" status="PASS">
          <reporter-output>
          </reporter-output>
        </test-method> <!-- launch -->
        <test-method signature="test_1()[pri:1, instance:fleetwally.wally.ForgetPasswordValidation@478190fc]" started-at="2023-03-30T11:01:20 IST" name="test_1" finished-at="2023-03-30T11:01:20 IST" duration-ms="153" status="PASS">
          <reporter-output>
          </reporter-output>
        </test-method> <!-- test_1 -->
        <test-method signature="test_2()[pri:2, instance:fleetwally.wally.ForgetPasswordValidation@478190fc]" started-at="2023-03-30T11:01:20 IST" name="test_2" finished-at="2023-03-30T11:01:21 IST" duration-ms="1122" status="PASS">
          <reporter-output>
          </reporter-output>
        </test-method> <!-- test_2 -->
        <test-method signature="test_3()[pri:3, instance:fleetwally.wally.ForgetPasswordValidation@478190fc]" started-at="2023-03-30T11:01:21 IST" name="test_3" finished-at="2023-03-30T11:01:23 IST" duration-ms="2015" status="PASS">
          <reporter-output>
          </reporter-output>
        </test-method> <!-- test_3 -->
        <test-method signature="test_4()[pri:4, instance:fleetwally.wally.ForgetPasswordValidation@478190fc]" started-at="2023-03-30T11:01:23 IST" name="test_4" finished-at="2023-03-30T11:01:24 IST" duration-ms="975" status="PASS">
          <reporter-output>
          </reporter-output>
        </test-method> <!-- test_4 -->
        <test-method is-config="true" signature="closeBrowser()[pri:0, instance:fleetwally.wally.ForgetPasswordValidation@478190fc]" started-at="2023-03-30T11:01:24 IST" name="closeBrowser" finished-at="2023-03-30T11:01:24 IST" duration-ms="0" status="PASS">
          <reporter-output>
          </reporter-output>
        </test-method> <!-- closeBrowser -->
      </class> <!-- fleetwally.wally.ForgetPasswordValidation -->
    </test> <!-- Default test -->
  </suite> <!-- Default suite -->
</testng-results>
